

Started GET "/" for 127.0.0.1 at 2013-10-28 21:43:41 -0500
Connecting to database specified by database.yml
Processing by PagesController#index as HTML
  Rendered pages/_typography.html.erb (0.3ms)
  Rendered pages/_heading.html.erb (0.4ms)
  Rendered pages/_layout.html.erb (1.6ms)
  Rendered pages/_heading.html.erb (0.0ms)
  Rendered pages/_tables.html.erb (0.2ms)
  Rendered pages/_buttons.html.erb (0.6ms)
  Rendered pages/_heading.html.erb (0.0ms)
  Rendered pages/_alerts.html.erb (0.8ms)
  Rendered pages/_heading.html.erb (0.0ms)
  Rendered pages/_comments.html.erb (1.1ms)
  Rendered pages/_heading.html.erb (0.1ms)
  Rendered pages/_blank_slate.html.erb (1.7ms)
  Rendered pages/_heading.html.erb (0.0ms)
  Rendered pages/_activity.html.erb (1.5ms)
  Rendered pages/_heading.html.erb (0.0ms)
  Rendered pages/_navigation.html.erb (0.8ms)
  Rendered pages/_heading.html.erb (0.1ms)
  Rendered pages/_pagination.html.erb (1.0ms)
  Rendered pages/_heading.html.erb (0.0ms)
  Rendered pages/_accordion.html.erb (0.9ms)
  Rendered pages/_heading.html.erb (0.0ms)
  Rendered pages/index.html.erb within layouts/application (25.7ms)
Compiled font-awesome.css  (0ms)  (pid 857)
Compiled application.css  (7624ms)  (pid 857)
Compiled application.js  (0ms)  (pid 857)
  Rendered layouts/_modal.html.erb (0.7ms)
  Rendered layouts/_navbar.html.erb (0.3ms)
  Rendered layouts/_cal.html.erb (0.3ms)
  Rendered layouts/_sidebar.html.erb (1.5ms)
  Rendered layouts/_footer.html.erb (0.3ms)
Completed 200 OK in 7910ms (Views: 7909.2ms | ActiveRecord: 0.0ms)


Started GET "/assets/application.css?body=1" for 127.0.0.1 at 2013-10-28 21:43:49 -0500
Served asset /application.css - 200 OK (11ms)


Started GET "/assets/application.js?body=1" for 127.0.0.1 at 2013-10-28 21:43:49 -0500
Served asset /application.js - 200 OK (2ms)


Started GET "/assets/avatar1.png" for 127.0.0.1 at 2013-10-28 21:43:49 -0500
Served asset /avatar1.png - 200 OK (296ms)


Started GET "/assets/avatar2.png" for 127.0.0.1 at 2013-10-28 21:43:49 -0500
Served asset /avatar2.png - 200 OK (190ms)


Started GET "/assets/clipboard.png" for 127.0.0.1 at 2013-10-28 21:43:49 -0500
Served asset /clipboard.png - 200 OK (72ms)


Started GET "/assets/fontawesome-webfont.woff" for 127.0.0.1 at 2013-10-28 21:43:50 -0500
Served asset /fontawesome-webfont.woff - 200 OK (34ms)


Started GET "/" for 127.0.0.1 at 2013-11-02 11:05:06 -0500
Connecting to database specified by database.yml
Processing by PagesController#index as HTML
  Rendered pages/_typography.html.erb (0.3ms)
  Rendered pages/_heading.html.erb (0.4ms)
  Rendered pages/_layout.html.erb (1.2ms)
  Rendered pages/_heading.html.erb (0.0ms)
  Rendered pages/_tables.html.erb (0.2ms)
  Rendered pages/_buttons.html.erb (0.6ms)
  Rendered pages/_heading.html.erb (0.0ms)
  Rendered pages/_alerts.html.erb (0.8ms)
  Rendered pages/_heading.html.erb (0.0ms)
  Rendered pages/_comments.html.erb (1.1ms)
  Rendered pages/_heading.html.erb (0.0ms)
  Rendered pages/_blank_slate.html.erb (0.9ms)
  Rendered pages/_heading.html.erb (0.0ms)
  Rendered pages/_activity.html.erb (1.2ms)
  Rendered pages/_heading.html.erb (0.1ms)
  Rendered pages/_navigation.html.erb (1.2ms)
  Rendered pages/_heading.html.erb (0.1ms)
  Rendered pages/_pagination.html.erb (1.1ms)
  Rendered pages/_heading.html.erb (0.0ms)
  Rendered pages/_accordion.html.erb (0.9ms)
  Rendered pages/_heading.html.erb (0.0ms)
  Rendered pages/index.html.erb within layouts/application (18.9ms)
  Rendered layouts/_modal.html.erb (0.7ms)
  Rendered layouts/_navbar.html.erb (0.2ms)
  Rendered layouts/_cal.html.erb (0.3ms)
  Rendered layouts/_sidebar.html.erb (1.1ms)
  Rendered layouts/_footer.html.erb (0.2ms)
Completed 200 OK in 131ms (Views: 130.3ms | ActiveRecord: 0.0ms)


Started GET "/assets/application.css?body=1" for 127.0.0.1 at 2013-11-02 11:05:06 -0500
Served asset /application.css - 304 Not Modified (8ms)


Started GET "/assets/application.js?body=1" for 127.0.0.1 at 2013-11-02 11:05:06 -0500
Served asset /application.js - 304 Not Modified (24ms)


Started GET "/assets/avatar1.png" for 127.0.0.1 at 2013-11-02 11:05:06 -0500
Served asset /avatar1.png - 304 Not Modified (57ms)


Started GET "/assets/avatar2.png" for 127.0.0.1 at 2013-11-02 11:05:06 -0500
Served asset /avatar2.png - 304 Not Modified (6ms)


Started GET "/assets/clipboard.png" for 127.0.0.1 at 2013-11-02 11:05:06 -0500
Served asset /clipboard.png - 304 Not Modified (1ms)


Started GET "/assets/fontawesome-webfont.woff" for 127.0.0.1 at 2013-11-02 11:05:07 -0500
Served asset /fontawesome-webfont.woff - 304 Not Modified (23ms)


Started GET "/" for 127.0.0.1 at 2013-11-02 18:47:43 -0500
Connecting to database specified by database.yml
Processing by PagesController#index as HTML
  Rendered pages/_typography.html.erb (0.6ms)
  Rendered pages/_heading.html.erb (0.6ms)
  Rendered pages/_layout.html.erb (1.9ms)
  Rendered pages/_heading.html.erb (0.0ms)
  Rendered pages/_tables.html.erb (0.3ms)
  Rendered pages/_buttons.html.erb (0.8ms)
  Rendered pages/_heading.html.erb (0.1ms)
  Rendered pages/_alerts.html.erb (0.9ms)
  Rendered pages/_heading.html.erb (0.0ms)
  Rendered pages/_comments.html.erb (1.3ms)
  Rendered pages/_heading.html.erb (0.1ms)
  Rendered pages/_blank_slate.html.erb (1.0ms)
  Rendered pages/_heading.html.erb (0.0ms)
  Rendered pages/_activity.html.erb (1.2ms)
  Rendered pages/_heading.html.erb (0.0ms)
  Rendered pages/_navigation.html.erb (0.8ms)
  Rendered pages/_heading.html.erb (0.1ms)
  Rendered pages/_pagination.html.erb (1.5ms)
  Rendered pages/_heading.html.erb (0.1ms)
  Rendered pages/_accordion.html.erb (1.5ms)
  Rendered pages/_heading.html.erb (0.0ms)
  Rendered pages/index.html.erb within layouts/application (49.7ms)
  Rendered layouts/_modal.html.erb (0.8ms)
  Rendered layouts/_navbar.html.erb (0.3ms)
  Rendered layouts/_cal.html.erb (0.5ms)
  Rendered layouts/_sidebar.html.erb (1.7ms)
  Rendered layouts/_footer.html.erb (0.5ms)
Completed 200 OK in 251ms (Views: 250.7ms | ActiveRecord: 0.0ms)


Started GET "/assets/application.css?body=1" for 127.0.0.1 at 2013-11-02 18:47:45 -0500
Served asset /application.css - 304 Not Modified (9ms)


Started GET "/assets/application.js?body=1" for 127.0.0.1 at 2013-11-02 18:47:45 -0500
Served asset /application.js - 304 Not Modified (1ms)


Started GET "/assets/avatar1.png" for 127.0.0.1 at 2013-11-02 18:47:45 -0500
Served asset /avatar1.png - 304 Not Modified (120ms)


Started GET "/assets/avatar2.png" for 127.0.0.1 at 2013-11-02 18:47:45 -0500
Served asset /avatar2.png - 304 Not Modified (71ms)


Started GET "/assets/clipboard.png" for 127.0.0.1 at 2013-11-02 18:47:45 -0500
Served asset /clipboard.png - 304 Not Modified (53ms)


Started GET "/assets/fontawesome-webfont.woff" for 127.0.0.1 at 2013-11-02 18:47:46 -0500
Served asset /fontawesome-webfont.woff - 304 Not Modified (18ms)


Started GET "/" for 127.0.0.1 at 2013-11-02 21:33:19 -0500
Connecting to database specified by database.yml
Processing by PagesController#index as HTML
  Rendered pages/_typography.html.erb (0.4ms)
  Rendered pages/_heading.html.erb (0.4ms)
  Rendered pages/_layout.html.erb (1.4ms)
  Rendered pages/_heading.html.erb (0.0ms)
  Rendered pages/_tables.html.erb (0.2ms)
  Rendered pages/_buttons.html.erb (0.7ms)
  Rendered pages/_heading.html.erb (0.0ms)
  Rendered pages/_alerts.html.erb (0.8ms)
  Rendered pages/_heading.html.erb (0.0ms)
  Rendered pages/_comments.html.erb (1.1ms)
  Rendered pages/_heading.html.erb (0.1ms)
  Rendered pages/_blank_slate.html.erb (1.0ms)
  Rendered pages/_heading.html.erb (0.0ms)
  Rendered pages/_activity.html.erb (1.5ms)
  Rendered pages/_heading.html.erb (0.0ms)
  Rendered pages/_navigation.html.erb (0.8ms)
  Rendered pages/_heading.html.erb (0.0ms)
  Rendered pages/_pagination.html.erb (0.8ms)
  Rendered pages/_heading.html.erb (0.0ms)
  Rendered pages/_accordion.html.erb (0.8ms)
  Rendered pages/_heading.html.erb (0.0ms)
  Rendered pages/index.html.erb within layouts/application (20.8ms)
  Rendered layouts/_modal.html.erb (0.7ms)
  Rendered layouts/_navbar.html.erb (0.3ms)
  Rendered layouts/_cal.html.erb (0.3ms)
  Rendered layouts/_sidebar.html.erb (1.3ms)
  Rendered layouts/_footer.html.erb (0.3ms)
Completed 200 OK in 172ms (Views: 171.1ms | ActiveRecord: 0.0ms)


Started GET "/assets/avatar1.png" for 127.0.0.1 at 2013-11-02 21:33:20 -0500
Served asset /avatar1.png - 200 OK (23ms)


Started GET "/assets/application.css?body=1" for 127.0.0.1 at 2013-11-02 21:33:20 -0500
Served asset /application.css - 304 Not Modified (61ms)


Started GET "/assets/application.js?body=1" for 127.0.0.1 at 2013-11-02 21:33:20 -0500
Served asset /application.js - 304 Not Modified (1ms)


Started GET "/assets/avatar2.png" for 127.0.0.1 at 2013-11-02 21:33:20 -0500
Served asset /avatar2.png - 200 OK (2ms)


Started GET "/assets/clipboard.png" for 127.0.0.1 at 2013-11-02 21:33:20 -0500
Served asset /clipboard.png - 304 Not Modified (51ms)


Started GET "/assets/fontawesome-webfont.woff" for 127.0.0.1 at 2013-11-02 21:33:21 -0500
Served asset /fontawesome-webfont.woff - 304 Not Modified (18ms)


Started GET "/sessions/login" for 127.0.0.1 at 2013-11-02 21:33:50 -0500
Processing by SessionsController#login as HTML
  Rendered sessions/login.html.erb within layouts/sessions (1.6ms)
  Rendered layouts/_sessions_navbar.html.erb (0.9ms)
Completed 200 OK in 8ms (Views: 7.9ms | ActiveRecord: 0.0ms)


Started GET "/assets/application.css?body=1" for 127.0.0.1 at 2013-11-02 21:33:50 -0500
Served asset /application.css - 304 Not Modified (1ms)


Started GET "/assets/application.js?body=1" for 127.0.0.1 at 2013-11-02 21:33:50 -0500
Served asset /application.js - 304 Not Modified (0ms)


Started GET "/assets/fontawesome-webfont.woff" for 127.0.0.1 at 2013-11-02 21:33:50 -0500
Served asset /fontawesome-webfont.woff - 304 Not Modified (0ms)


Started GET "/sessions/register" for 127.0.0.1 at 2013-11-02 21:33:56 -0500
Processing by SessionsController#register as HTML
  Rendered sessions/register.html.erb within layouts/sessions (3.2ms)
  Rendered layouts/_sessions_navbar.html.erb (0.8ms)
Completed 200 OK in 10ms (Views: 9.9ms | ActiveRecord: 0.0ms)


Started GET "/assets/application.css?body=1" for 127.0.0.1 at 2013-11-02 21:33:56 -0500
Served asset /application.css - 304 Not Modified (0ms)


Started GET "/assets/application.js?body=1" for 127.0.0.1 at 2013-11-02 21:33:56 -0500
Served asset /application.js - 304 Not Modified (0ms)


Started GET "/assets/fontawesome-webfont.woff" for 127.0.0.1 at 2013-11-02 21:33:56 -0500
Served asset /fontawesome-webfont.woff - 304 Not Modified (0ms)
